<?xml version="1.0" encoding="UTF-8"?>
<!-- Generated by org.testng.reporters.JUnitXMLReporter -->
<testsuite ignored="0" hostname="LTIN475613" failures="1" tests="2" name="chromeTest" time="19.2" errors="0" timestamp="2024-10-26T18:47:24 IST">
  <testcase classname="io.cucumber.testng.AbstractTestNGCucumberTests" name="runScenario" time="4.991">
    <failure type="java.lang.AssertionError" message="expected [true] but found [false]">
      <![CDATA[java.lang.AssertionError: expected [true] but found [false]
at stepDefinitions.Search.userGetTheResultsDisplayedWithin1Second(Search.java:37)
at âœ½.user get the results displayed within 2000 milliseconds(file:///C:/Practice/Java/Google-Search/src/test/java/features/Search.feature:9)
... Removed 4 stack frames]]>
    </failure>
  </testcase> <!-- runScenario -->
  <testcase classname="io.cucumber.testng.AbstractTestNGCucumberTests" name="runScenario" time="3.852"/>
</testsuite> <!-- chromeTest -->
